date: 2014-03-02 02:08:58.778
argv: c:\Program Files\nodejs\node.exe c:\Users\wbm\AppData\Roaming\npm\node_modules\hexo\bin\hexo generate
os: Windows_NT 6.1.7600 win32 ia32
version:
  hexo: 2.4.5
  http_parser: 1.0
  node: 0.10.26
  v8: 3.14.5.9
  ares: 1.9.0-DEV
  uv: 0.10.25
  zlib: 1.2.3
  modules: 11
  openssl: 1.0.1e
---

[debug] 02:08:58.191 Configuration file load successfully
[debug] 02:08:58.195 Version info checked successfully
[debug] 02:08:58.259 Loading database.
[debug] 02:08:58.312 Script load successfully: fancybox.js
[debug] 02:08:58.615 Theme layout loaded
[debug] 02:08:58.627 Theme configuration loaded
[debug] 02:08:58.649 Processed: search/index.md
[debug] 02:08:58.655 Theme language files loaded
[debug] 02:08:58.665 Processed: _posts/hello-world.md
[debug] 02:08:58.692 Theme source loaded
[debug] 02:08:58.695 Cache saved
[info] 02:08:58.706 Files loaded in 0.392s
[debug] 02:08:58.760 Render archive: archives/
[debug] 02:08:58.761 Render archive: archives/2014/
[debug] 02:08:58.761 Render archive: archives/2014/03/
[debug] 02:08:58.761 Render index: 
[debug] 02:08:58.761 Render page: search/index.html
[debug] 02:08:58.761 Render post: 2014/03/02/hello-world/
[error] 02:08:58.771 Error: EISDIR, read
Error: EISDIR, read
